Copyright 1986-2020 Xilinx, Inc. All Rights Reserved.
------------------------------------------------------------------------------------
| Tool Version : Vivado v.2020.1 (lin64) Build 2902540 Wed May 27 19:54:35 MDT 2020
| Date         : Wed Dec  2 21:55:14 2020
| Host         : ferney-pc running 64-bit Ubuntu 20.04.1 LTS
| Command      : report_control_sets -verbose -file nexys4ddr_control_sets.rpt
| Design       : nexys4ddr
| Device       : xc7a100t
------------------------------------------------------------------------------------

Control Set Information

Table of Contents
-----------------
1. Summary
2. Histogram
3. Flip-Flop Distribution
4. Detailed Control Set Information

1. Summary
----------

+----------------------------------------------------------+-------+
|                          Status                          | Count |
+----------------------------------------------------------+-------+
| Total control sets                                       |   106 |
|    Minimum number of control sets                        |   106 |
|    Addition due to synthesis replication                 |     0 |
|    Addition due to physical synthesis replication        |     0 |
| Unused register locations in slices containing registers |   226 |
+----------------------------------------------------------+-------+
* Control sets can be merged at opt_design using control_set_merge or merge_equivalent_drivers
** Run report_qor_suggestions for automated merging and remapping suggestions


2. Histogram
------------

+--------------------+-------+
|       Fanout       | Count |
+--------------------+-------+
| Total control sets |   106 |
| >= 0 to < 4        |     8 |
| >= 4 to < 6        |    15 |
| >= 6 to < 8        |     1 |
| >= 8 to < 10       |    16 |
| >= 10 to < 12      |     4 |
| >= 12 to < 14      |     1 |
| >= 14 to < 16      |     0 |
| >= 16              |    61 |
+--------------------+-------+
* Control sets can be remapped at either synth_design or opt_design


3. Flip-Flop Distribution
-------------------------

+--------------+-----------------------+------------------------+-----------------+--------------+
| Clock Enable | Synchronous Set/Reset | Asynchronous Set/Reset | Total Registers | Total Slices |
+--------------+-----------------------+------------------------+-----------------+--------------+
| No           | No                    | No                     |             243 |          108 |
| No           | No                    | Yes                    |               0 |            0 |
| No           | Yes                   | No                     |             619 |          225 |
| Yes          | No                    | No                     |             534 |          187 |
| Yes          | No                    | Yes                    |               0 |            0 |
| Yes          | Yes                   | No                     |            1202 |          384 |
+--------------+-----------------------+------------------------+-----------------+--------------+


4. Detailed Control Set Information
-----------------------------------

+----------------+--------------------------------------------------------+--------------------------------------------+------------------+----------------+--------------+
|  Clock Signal  |                      Enable Signal                     |              Set/Reset Signal              | Slice Load Count | Bel Load Count | Bels / Slice |
+----------------+--------------------------------------------------------+--------------------------------------------+------------------+----------------+--------------+
|  clk_IBUF_BUFG |                                                        | ledRGB1_b_i_1_n_0                          |                1 |              1 |         1.00 |
|  clk_IBUF_BUFG | picorv32/instr_lui0                                    | picorv32/instr_jalr_i_1_n_0                |                1 |              1 |         1.00 |
|  clk_IBUF_BUFG |                                                        | ledRGB2_r_i_1_n_0                          |                1 |              1 |         1.00 |
|  clk_IBUF_BUFG |                                                        | ledRGB2_g_i_1_n_0                          |                1 |              1 |         1.00 |
|  clk_IBUF_BUFG |                                                        | ledRGB1_g_i_1_n_0                          |                1 |              1 |         1.00 |
|  clk_IBUF_BUFG |                                                        | ledRGB2_b_i_1_n_0                          |                1 |              1 |         1.00 |
|  clk_IBUF_BUFG | serial_tx_i_1_n_0                                      | basesoc_int_rst                            |                1 |              1 |         1.00 |
|  clk_IBUF_BUFG |                                                        | ledRGB1_r_i_1_n_0                          |                1 |              1 |         1.00 |
|  clk_IBUF_BUFG | basesoc_basesoc_rx_bitcount                            | basesoc_basesoc_rx_busy                    |                2 |              4 |         2.00 |
|  clk_IBUF_BUFG | picorv32/basesoc_basesoc_uart_rx_fifo_readable_reg_0   | basesoc_int_rst                            |                1 |              4 |         4.00 |
|  clk_IBUF_BUFG | basesoc_basesoc_sink_ready168_out                      | basesoc_basesoc_sink_ready1                |                1 |              4 |         4.00 |
|  clk_IBUF_BUFG | picorv32/basesoc_basesoc_uart_tx_fifo_wrport_we        | basesoc_int_rst                            |                1 |              4 |         4.00 |
|  clk_IBUF_BUFG | basesoc_basesoc_uart_tx_fifo_consume[2]_i_1_n_0        | basesoc_int_rst                            |                1 |              4 |         4.00 |
|  clk_IBUF_BUFG |                                                        | picorv32/pcpi_div/instr_rem_i_1_n_0        |                1 |              4 |         4.00 |
|  clk_IBUF_BUFG | picorv32/pcpi_timeout_counter[3]_i_2_n_0               | picorv32/pcpi_mul/SS[0]                    |                1 |              4 |         4.00 |
|  clk_IBUF_BUFG | picorv32/is_lui_auipc_jal_jalr_addi_add_sub0           | picorv32/instr_timer_i_1_n_0               |                1 |              4 |         4.00 |
|  clk_IBUF_BUFG |                                                        | picorv32/pcpi_mul/instr_mulhu_i_1_n_0      |                1 |              4 |         4.00 |
|  clk_IBUF_BUFG | basesoc_basesoc_uart_rx_fifo_wrport_we__0              | basesoc_int_rst                            |                1 |              4 |         4.00 |
|  clk_IBUF_BUFG | picorv32/basesoc_basesoc_uart_rx_fifo_readable_reg[0]  | basesoc_int_rst                            |                2 |              5 |         2.50 |
|  clk_IBUF_BUFG | picorv32/is_lui_auipc_jal_jalr_addi_add_sub0           | picorv32/instr_lhu_i_1_n_0                 |                1 |              5 |         5.00 |
|  clk_IBUF_BUFG | picorv32/basesoc_basesoc_uart_tx_fifo_level0_reg[0][0] | basesoc_int_rst                            |                2 |              5 |         2.50 |
|  clk_IBUF_BUFG | picorv32/instr_lui0                                    | picorv32/decoded_rs1__0[4]                 |                1 |              5 |         5.00 |
|  clk_IBUF_BUFG | picorv32/pcpi_mul/instr_jal_reg                        | picorv32/pcpi_mul/mem_do_prefetch_reg      |                2 |              5 |         2.50 |
|  clk_IBUF_BUFG | picorv32/latched_rd[5]_i_1_n_0                         |                                            |                1 |              6 |         6.00 |
|  clk_IBUF_BUFG | picorv32/E[0]                                          | basesoc_int_rst                            |                3 |              8 |         2.67 |
|  clk_IBUF_BUFG | picorv32/mem_addr_reg[4]_1[0]                          | basesoc_int_rst                            |                3 |              8 |         2.67 |
|  clk_IBUF_BUFG | picorv32/mem_addr_reg[3]_0[0]                          | basesoc_int_rst                            |                2 |              8 |         4.00 |
|  clk_IBUF_BUFG | picorv32/mem_addr_reg[2]_0[0]                          | basesoc_int_rst                            |                2 |              8 |         4.00 |
|  clk_IBUF_BUFG | picorv32/mem_wdata_reg[1]_0[0]                         |                                            |                2 |              8 |         4.00 |
|  clk_IBUF_BUFG | basesoc_basesoc_rx_reg                                 |                                            |                1 |              8 |         8.00 |
|  clk_IBUF_BUFG | basesoc_basesoc_source_payload_data__0                 | basesoc_int_rst                            |                1 |              8 |         8.00 |
|  clk_IBUF_BUFG | picorv32/mem_addr_reg[12]_0[0]                         | basesoc_int_rst                            |                1 |              8 |         8.00 |
|  clk_IBUF_BUFG |                                                        | picorv32/mem_addr_reg[15]_0[0]             |                4 |              8 |         2.00 |
|  clk_IBUF_BUFG | basesoc_basesoc_tx_reg[7]_i_1_n_0                      |                                            |                3 |              8 |         2.67 |
|  clk_IBUF_BUFG |                                                        | picorv32/mem_addr_reg[2]_4                 |                3 |              8 |         2.67 |
|  clk_IBUF_BUFG |                                                        | picorv32/mem_addr_reg[15]_3[0]             |                6 |              8 |         1.33 |
|  clk_IBUF_BUFG | picorv32/mem_addr_reg[3]_2[0]                          | basesoc_int_rst                            |                3 |              8 |         2.67 |
|  clk_IBUF_BUFG | picorv32/mem_addr_reg[3]_3[0]                          | basesoc_int_rst                            |                3 |              8 |         2.67 |
|  clk_IBUF_BUFG | basesoc_basesoc_uart_tx_fifo_syncfifo_re               |                                            |                2 |              8 |         4.00 |
|  clk_IBUF_BUFG | picorv32/mem_addr_reg[3]_5[0]                          | basesoc_int_rst                            |                3 |              8 |         2.67 |
|  clk_IBUF_BUFG | basesoc_pxl_tick                                       | RSTC                                       |                3 |             10 |         3.33 |
|  clk_IBUF_BUFG | basesoc_h_count                                        | clear                                      |                3 |             10 |         3.33 |
|  clk_IBUF_BUFG |                                                        | picorv32/SR[0]                             |                3 |             10 |         3.33 |
|  clk_IBUF_BUFG | picorv32/is_lui_auipc_jal_jalr_addi_add_sub0           | picorv32/decoded_imm[30]_i_1_n_0           |                3 |             11 |         3.67 |
|  clk_IBUF_BUFG | picorv32/mem_addr_reg[11]_0[0]                         | basesoc_int_rst                            |                9 |             12 |         1.33 |
|  clk_IBUF_BUFG | basesoc_basesoc_uart_rx_fifo_wrport_we__0              |                                            |                2 |             16 |         8.00 |
|  clk_IBUF_BUFG | picorv32/mem_addr_reg[3]_7                             |                                            |                2 |             16 |         8.00 |
|  clk_IBUF_BUFG |                                                        | basesoc_dgt_tick_count[0]_i_1_n_0          |                5 |             18 |         3.60 |
|  clk_IBUF_BUFG | picorv32/mem_xfer                                      |                                            |                8 |             18 |         2.25 |
|  clk_IBUF_BUFG |                                                        | picorv32/mem_addr_reg[11]_1[0]             |               10 |             19 |         1.90 |
|  clk_IBUF_BUFG | picorv32/mem_addr_reg[2]_2[0]                          | basesoc_int_rst                            |                6 |             20 |         3.33 |
|  clk_IBUF_BUFG | picorv32/builder_error                                 | picorv32/mem_valid_reg_0                   |                5 |             20 |         4.00 |
|  clk_IBUF_BUFG | picorv32/is_lui_auipc_jal_jalr_addi_add_sub0           | picorv32/mem_state2                        |                6 |             22 |         3.67 |
|  clk_IBUF_BUFG | picorv32/builder_csrbank4_r_period0_re                 | picorv32/builder_state_reg_5               |                9 |             31 |         3.44 |
|  clk_IBUF_BUFG | picorv32/builder_csrbank3_r_width0_re                  | picorv32/builder_state_reg_0               |               13 |             31 |         2.38 |
|  clk_IBUF_BUFG | picorv32/builder_csrbank4_g_period0_re                 | picorv32/builder_state_reg_7               |                8 |             31 |         3.88 |
|  clk_IBUF_BUFG | picorv32/builder_csrbank3_b_width0_re                  | picorv32/builder_state_reg_4               |                7 |             31 |         4.43 |
|  clk_IBUF_BUFG | picorv32/builder_csrbank3_r_period0_re                 | picorv32/builder_state_reg                 |               11 |             31 |         2.82 |
|  clk_IBUF_BUFG | picorv32/builder_csrbank3_g_width0_re                  | picorv32/builder_state_reg_2               |                9 |             31 |         3.44 |
|  clk_IBUF_BUFG | picorv32/builder_csrbank3_g_period0_re                 | picorv32/builder_state_reg_1               |                9 |             31 |         3.44 |
|  clk_IBUF_BUFG | picorv32/builder_csrbank4_g_width0_re                  | picorv32/builder_state_reg_8               |                9 |             31 |         3.44 |
|  clk_IBUF_BUFG | picorv32/builder_csrbank4_r_width0_re                  | picorv32/builder_state_reg_6               |               10 |             31 |         3.10 |
|  clk_IBUF_BUFG | picorv32/builder_csrbank3_b_period0_re                 | picorv32/builder_state_reg_3               |                8 |             31 |         3.88 |
|  clk_IBUF_BUFG | picorv32/builder_csrbank4_b_width0_re                  | picorv32/builder_state_reg_10              |                8 |             31 |         3.88 |
|  clk_IBUF_BUFG | picorv32/builder_csrbank4_b_period0_re                 | picorv32/builder_state_reg_9               |               11 |             31 |         2.82 |
|  clk_IBUF_BUFG | picorv32/pcpi_div/divisor                              | picorv32/pcpi_div/divisor[30]_i_1_n_0      |               11 |             31 |         2.82 |
|  clk_IBUF_BUFG |                                                        | basesoc_ledRGB_2_b_counter[0]_i_1_n_0      |                8 |             32 |         4.00 |
|  clk_IBUF_BUFG |                                                        | basesoc_ledRGB_1_b_counter[0]_i_1_n_0      |                8 |             32 |         4.00 |
|  clk_IBUF_BUFG | picorv32/mem_addr_reg[3]_4[0]                          | basesoc_int_rst                            |               11 |             32 |         2.91 |
|  clk_IBUF_BUFG |                                                        | p_8_in                                     |                8 |             32 |         4.00 |
|  clk_IBUF_BUFG |                                                        | picorv32/mem_addr_reg[15]_2[0]             |               17 |             32 |         1.88 |
|  clk_IBUF_BUFG |                                                        | picorv32/mem_addr_reg[15]_1[0]             |               18 |             32 |         1.78 |
|  clk_IBUF_BUFG | picorv32/timer                                         | picorv32/mem_state2                        |               15 |             32 |         2.13 |
|  clk_IBUF_BUFG | picorv32/pcpi_div/quotient_msk                         | picorv32/pcpi_div/quotient_msk[31]_i_1_n_0 |                7 |             32 |         4.57 |
|  clk_IBUF_BUFG |                                                        | picorv32/mem_addr_reg[14]_0[0]             |               10 |             32 |         3.20 |
|  clk_IBUF_BUFG |                                                        | picorv32/mem_addr_reg[14]_1[0]             |               17 |             32 |         1.88 |
|  clk_IBUF_BUFG |                                                        | basesoc_ledRGB_1_r_counter[0]_i_1_n_0      |                8 |             32 |         4.00 |
|  clk_IBUF_BUFG |                                                        | picorv32/mem_addr_reg[2]_3[0]              |                9 |             32 |         3.56 |
|  clk_IBUF_BUFG | picorv32/mem_addr_reg[3]_6[0]                          | basesoc_int_rst                            |               10 |             32 |         3.20 |
|  clk_IBUF_BUFG | picorv32/irq_mask                                      | picorv32/mem_state2                        |               16 |             32 |         2.00 |
|  clk_IBUF_BUFG |                                                        | basesoc_ledRGB_1_g_counter[0]_i_1_n_0      |                8 |             32 |         4.00 |
|  clk_IBUF_BUFG | picorv32/pcpi_mul/pcpi_wr0                             |                                            |               15 |             32 |         2.13 |
|  clk_IBUF_BUFG |                                                        | basesoc_ledRGB_2_g_counter[0]_i_1_n_0      |                8 |             32 |         4.00 |
|  clk_IBUF_BUFG |                                                        | basesoc_ledRGB_2_r_counter[0]_i_1_n_0      |                8 |             32 |         4.00 |
|  clk_IBUF_BUFG | picorv32/reg_op2[31]_i_1_n_0                           |                                            |               11 |             32 |         2.91 |
|  clk_IBUF_BUFG | picorv32/pcpi_div/divisor                              |                                            |               12 |             32 |         2.67 |
|  clk_IBUF_BUFG | picorv32/pcpi_div/quotient                             | picorv32/pcpi_div/quotient_msk[31]_i_1_n_0 |               15 |             32 |         2.13 |
|  clk_IBUF_BUFG | picorv32/pcpi_div/dividend                             |                                            |                8 |             32 |         4.00 |
|  clk_IBUF_BUFG | picorv32/reg_op1[31]_i_1_n_0                           |                                            |               24 |             32 |         1.33 |
|  clk_IBUF_BUFG | basesoc_basesoc_soccontroller_bus_errors               | basesoc_int_rst                            |                8 |             32 |         4.00 |
|  clk_IBUF_BUFG | picorv32/mem_addr_reg[2]_1[0]                          | basesoc_int_rst                            |                9 |             32 |         3.56 |
|  clk_IBUF_BUFG | picorv32/mem_addr_reg[3]_1[0]                          | basesoc_int_rst                            |                7 |             32 |         4.57 |
|  clk_IBUF_BUFG | picorv32/mem_wdata[31]_i_1_n_0                         |                                            |                8 |             32 |         4.00 |
|  clk_IBUF_BUFG | basesoc_basesoc_timer_update_value_re                  | basesoc_int_rst                            |               10 |             32 |         3.20 |
|  clk_IBUF_BUFG | picorv32/instr_lui0                                    |                                            |                9 |             34 |         3.78 |
|  clk_IBUF_BUFG | picorv32/mem_addr[31]_i_1_n_0                          |                                            |               26 |             34 |         1.31 |
|  clk_IBUF_BUFG | picorv32/pcpi_mul/basesoc_int_rst_reg                  | picorv32/pcpi_mul/mul_counter[6]           |               18 |             47 |         2.61 |
|  clk_IBUF_BUFG | picorv32/is_lui_auipc_jal_jalr_addi_add_sub0           |                                            |               18 |             52 |         2.89 |
|  clk_IBUF_BUFG | picorv32/reg_pc                                        | picorv32/mem_state2                        |               21 |             64 |         3.05 |
|  clk_IBUF_BUFG | picorv32/irq_delay                                     | picorv32/mem_state2                        |               17 |             65 |         3.82 |
|  clk_IBUF_BUFG | picorv32/builder_csrbank10_mem_adr0_re                 | basesoc_int_rst                            |               22 |             67 |         3.05 |
|  clk_IBUF_BUFG |                                                        | basesoc_int_rst                            |               31 |             69 |         2.23 |
|  clk_IBUF_BUFG |                                                        | picorv32/mem_state2                        |               28 |             81 |         2.89 |
|  clk_IBUF_BUFG | picorv32/p_0_in__0                                     |                                            |               22 |             88 |         4.00 |
|  clk_IBUF_BUFG | picorv32/pcpi_mul/basesoc_int_rst_reg                  |                                            |               39 |            166 |         4.26 |
|  clk_IBUF_BUFG |                                                        |                                            |              108 |            243 |         2.25 |
+----------------+--------------------------------------------------------+--------------------------------------------+------------------+----------------+--------------+


